Performing C SOURCE FILE Test CMAKE_HAVE_LIBC_PTHREAD failed with the following output:
Change Dir: /home/remco/catkin_ws/src/delta_robot_simulation/delta_robot_plugin/build/CMakeFiles/CMakeTmp

Run Build Command(s):/usr/bin/make cmTC_c8680/fast && /usr/bin/make -f CMakeFiles/cmTC_c8680.dir/build.make CMakeFiles/cmTC_c8680.dir/build
make[1]: Entering directory '/home/remco/catkin_ws/src/delta_robot_simulation/delta_robot_plugin/build/CMakeFiles/CMakeTmp'
Building C object CMakeFiles/cmTC_c8680.dir/src.c.o
/usr/bin/cc   -DCMAKE_HAVE_LIBC_PTHREAD   -o CMakeFiles/cmTC_c8680.dir/src.c.o   -c /home/remco/catkin_ws/src/delta_robot_simulation/delta_robot_plugin/build/CMakeFiles/CMakeTmp/src.c
Linking C executable cmTC_c8680
/home/remco/cmake-install/bin/cmake -E cmake_link_script CMakeFiles/cmTC_c8680.dir/link.txt --verbose=1
/usr/bin/cc  -DCMAKE_HAVE_LIBC_PTHREAD    -rdynamic CMakeFiles/cmTC_c8680.dir/src.c.o  -o cmTC_c8680 
CMakeFiles/cmTC_c8680.dir/src.c.o: In function `main':
src.c:(.text+0x3e): undefined reference to `pthread_create'
src.c:(.text+0x4a): undefined reference to `pthread_detach'
src.c:(.text+0x56): undefined reference to `pthread_cancel'
src.c:(.text+0x67): undefined reference to `pthread_join'
src.c:(.text+0x7b): undefined reference to `pthread_atfork'
collect2: error: ld returned 1 exit status
CMakeFiles/cmTC_c8680.dir/build.make:103: recipe for target 'cmTC_c8680' failed
make[1]: *** [cmTC_c8680] Error 1
make[1]: Leaving directory '/home/remco/catkin_ws/src/delta_robot_simulation/delta_robot_plugin/build/CMakeFiles/CMakeTmp'
Makefile:138: recipe for target 'cmTC_c8680/fast' failed
make: *** [cmTC_c8680/fast] Error 2


Source file was:
#include <pthread.h>

void* test_func(void* data)
{
  return data;
}

int main(void)
{
  pthread_t thread;
  pthread_create(&thread, NULL, test_func, NULL);
  pthread_detach(thread);
  pthread_cancel(thread);
  pthread_join(thread, NULL);
  pthread_atfork(NULL, NULL, NULL);
  pthread_exit(NULL);

  return 0;
}

Determining if the function pthread_create exists in the pthreads failed with the following output:
Change Dir: /home/remco/catkin_ws/src/delta_robot_simulation/delta_robot_plugin/build/CMakeFiles/CMakeTmp

Run Build Command(s):/usr/bin/make cmTC_dff2b/fast && /usr/bin/make -f CMakeFiles/cmTC_dff2b.dir/build.make CMakeFiles/cmTC_dff2b.dir/build
make[1]: Entering directory '/home/remco/catkin_ws/src/delta_robot_simulation/delta_robot_plugin/build/CMakeFiles/CMakeTmp'
Building C object CMakeFiles/cmTC_dff2b.dir/CheckFunctionExists.c.o
/usr/bin/cc   -DCHECK_FUNCTION_EXISTS=pthread_create   -o CMakeFiles/cmTC_dff2b.dir/CheckFunctionExists.c.o   -c /home/remco/cmake-install/share/cmake-3.17/Modules/CheckFunctionExists.c
Linking C executable cmTC_dff2b
/home/remco/cmake-install/bin/cmake -E cmake_link_script CMakeFiles/cmTC_dff2b.dir/link.txt --verbose=1
/usr/bin/cc  -DCHECK_FUNCTION_EXISTS=pthread_create    -rdynamic CMakeFiles/cmTC_dff2b.dir/CheckFunctionExists.c.o  -o cmTC_dff2b  -lpthreads 
/usr/bin/ld: cannot find -lpthreads
collect2: error: ld returned 1 exit status
CMakeFiles/cmTC_dff2b.dir/build.make:103: recipe for target 'cmTC_dff2b' failed
make[1]: *** [cmTC_dff2b] Error 1
make[1]: Leaving directory '/home/remco/catkin_ws/src/delta_robot_simulation/delta_robot_plugin/build/CMakeFiles/CMakeTmp'
Makefile:138: recipe for target 'cmTC_dff2b/fast' failed
make: *** [cmTC_dff2b/fast] Error 2



